Build started 16/02/2013 16:53:51.
     1>Project "\\ic.ac.uk\homes\baa11\Project\Nodal Analysis\Nodal Analysis\Nodal Analysis.vcxproj" on node 2 (build target(s)).
     1>InitializeBuildStatus:
         Creating "Debug\Nodal Analysis.unsuccessfulbuild" because "AlwaysCreate" was specified.
       ClCompile:
         c:\Program Files (x86)\Microsoft Visual Studio 10.0\VC\bin\CL.exe /c /ZI /nologo /W3 /WX- /Od /Oy- /D WIN32 /D _DEBUG /D _CONSOLE /D _UNICODE /D UNICODE /Gm /EHsc /RTC1 /MDd /GS /fp:precise /Zc:wchar_t /Zc:forScope /Fo"Debug\\" /Fd"Debug\vc100.pdb" /Gd /TP /analyze- /errorReport:prompt TSequence.cpp
         TSequence.cpp
     1>\\ic.ac.uk\homes\baa11\project\nodal analysis\nodal analysis\tsequence.cpp(118): warning C4101: 'currentDet' : unreferenced local variable
     1>\\ic.ac.uk\homes\baa11\project\nodal analysis\nodal analysis\tsequence.cpp(90): warning C4715: 'determinant' : not all control paths return a value
       ManifestResourceCompile:
         All outputs are up-to-date.
       Link:
         c:\Program Files (x86)\Microsoft Visual Studio 10.0\VC\bin\link.exe /ERRORREPORT:PROMPT /OUT:"\\ic.ac.uk\homes\baa11\Project\Nodal Analysis\Debug\Nodal Analysis.exe" /INCREMENTAL /NOLOGO kernel32.lib user32.lib gdi32.lib winspool.lib comdlg32.lib advapi32.lib shell32.lib ole32.lib oleaut32.lib uuid.lib odbc32.lib odbccp32.lib /MANIFEST /ManifestFile:"Debug\Nodal Analysis.exe.intermediate.manifest" /MANIFESTUAC:"level='asInvoker' uiAccess='false'" /DEBUG /PDB:"\\ic.ac.uk\homes\baa11\Project\Nodal Analysis\Debug\Nodal Analysis.pdb" /SUBSYSTEM:CONSOLE /TLBID:1 /DYNAMICBASE /NXCOMPAT /IMPLIB:"\\ic.ac.uk\homes\baa11\Project\Nodal Analysis\Debug\Nodal Analysis.lib" /MACHINE:X86 "Debug\Nodal Analysis.exe.embed.manifest.res"
         Debug\AddedFunctions.obj
         Debug\main.obj
         Debug\TComplex.obj
         Debug\TSequence.obj
       Manifest:
         C:\Program Files (x86)\Microsoft SDKs\Windows\v7.0A\bin\mt.exe /nologo /verbose /out:"Debug\Nodal Analysis.exe.embed.manifest" /manifest "Debug\Nodal Analysis.exe.intermediate.manifest"
         All outputs are up-to-date.
       LinkEmbedManifest:
         All outputs are up-to-date.
         Nodal Analysis.vcxproj -> \\ic.ac.uk\homes\baa11\Project\Nodal Analysis\Debug\Nodal Analysis.exe
       FinalizeBuildStatus:
         Deleting file "Debug\Nodal Analysis.unsuccessfulbuild".
         Touching "Debug\Nodal Analysis.lastbuildstate".
     1>Done Building Project "\\ic.ac.uk\homes\baa11\Project\Nodal Analysis\Nodal Analysis\Nodal Analysis.vcxproj" (build target(s)).

Build succeeded.

Time Elapsed 00:00:04.29
